  [1m[35m (141.2ms)[0m  [1m[35mCREATE DATABASE "backend_development" ENCODING = 'unicode'[0m
  [1m[35m (92.9ms)[0m  [1m[35mCREATE DATABASE "backend_test" ENCODING = 'unicode'[0m
  [1m[35m (19.1ms)[0m  [1m[35mCREATE TABLE "schema_migrations" ("version" character varying NOT NULL PRIMARY KEY)[0m
  [1m[35m (8.3ms)[0m  [1m[35mCREATE TABLE "ar_internal_metadata" ("key" character varying NOT NULL PRIMARY KEY, "value" character varying, "created_at" timestamp(6) NOT NULL, "updated_at" timestamp(6) NOT NULL)[0m
  [1m[35m (0.4ms)[0m  [1m[34mSELECT pg_try_advisory_lock(5073945470573576205)[0m
  [1m[36mActiveRecord::SchemaMigration Pluck (0.4ms)[0m  [1m[34mSELECT "schema_migrations"."version" FROM "schema_migrations" ORDER BY "schema_migrations"."version" ASC[0m
Migrating to CreateTasks (20230122214631)
  [1m[36mTRANSACTION (0.2ms)[0m  [1m[35mBEGIN[0m
  [1m[35m (9.8ms)[0m  [1m[35mCREATE TABLE "tasks" ("id" bigserial primary key, "title" character varying, "due_date" date, "completed" boolean, "priority" character varying, "created_at" timestamp(6) NOT NULL, "updated_at" timestamp(6) NOT NULL)[0m
  [1m[36mActiveRecord::SchemaMigration Create (0.8ms)[0m  [1m[32mINSERT INTO "schema_migrations" ("version") VALUES ($1) RETURNING "version"[0m  [["version", "20230122214631"]]
  [1m[36mTRANSACTION (2.3ms)[0m  [1m[35mCOMMIT[0m
  [1m[36mActiveRecord::InternalMetadata Load (0.4ms)[0m  [1m[34mSELECT "ar_internal_metadata".* FROM "ar_internal_metadata" WHERE "ar_internal_metadata"."key" = $1 LIMIT $2[0m  [["key", "environment"], ["LIMIT", 1]]
  [1m[36mTRANSACTION (0.3ms)[0m  [1m[35mBEGIN[0m
  [1m[36mActiveRecord::InternalMetadata Create (0.7ms)[0m  [1m[32mINSERT INTO "ar_internal_metadata" ("key", "value", "created_at", "updated_at") VALUES ($1, $2, $3, $4) RETURNING "key"[0m  [["key", "environment"], ["value", "development"], ["created_at", "2023-01-22 21:46:59.788941"], ["updated_at", "2023-01-22 21:46:59.788941"]]
  [1m[36mTRANSACTION (1.9ms)[0m  [1m[35mCOMMIT[0m
  [1m[35m (0.4ms)[0m  [1m[34mSELECT pg_advisory_unlock(5073945470573576205)[0m
  [1m[36mActiveRecord::SchemaMigration Pluck (0.6ms)[0m  [1m[34mSELECT "schema_migrations"."version" FROM "schema_migrations" ORDER BY "schema_migrations"."version" ASC[0m
  [1m[36mActiveRecord::SchemaMigration Pluck (0.5ms)[0m  [1m[34mSELECT "schema_migrations"."version" FROM "schema_migrations" ORDER BY "schema_migrations"."version" ASC[0m
  [1m[36mTRANSACTION (0.3ms)[0m  [1m[35mBEGIN[0m
  [1m[36mTask Create (0.8ms)[0m  [1m[32mINSERT INTO "tasks" ("title", "due_date", "completed", "priority", "created_at", "updated_at") VALUES ($1, $2, $3, $4, $5, $6) RETURNING "id"[0m  [["title", "Clean car"], ["due_date", "2023-09-14"], ["completed", false], ["priority", "low"], ["created_at", "2023-01-22 21:47:04.809462"], ["updated_at", "2023-01-22 21:47:04.809462"]]
  [1m[36mTRANSACTION (3.8ms)[0m  [1m[35mCOMMIT[0m
  [1m[36mTRANSACTION (0.3ms)[0m  [1m[35mBEGIN[0m
  [1m[36mTask Create (0.4ms)[0m  [1m[32mINSERT INTO "tasks" ("title", "due_date", "completed", "priority", "created_at", "updated_at") VALUES ($1, $2, $3, $4, $5, $6) RETURNING "id"[0m  [["title", "Do laundry"], ["due_date", "2023-09-14"], ["completed", true], ["priority", "medium"], ["created_at", "2023-01-22 21:47:04.821579"], ["updated_at", "2023-01-22 21:47:04.821579"]]
  [1m[36mTRANSACTION (2.1ms)[0m  [1m[35mCOMMIT[0m
  [1m[36mTRANSACTION (0.3ms)[0m  [1m[35mBEGIN[0m
  [1m[36mTask Create (0.4ms)[0m  [1m[32mINSERT INTO "tasks" ("title", "due_date", "completed", "priority", "created_at", "updated_at") VALUES ($1, $2, $3, $4, $5, $6) RETURNING "id"[0m  [["title", "Groceries"], ["due_date", "2023-09-14"], ["completed", false], ["priority", "high"], ["created_at", "2023-01-22 21:47:04.830238"], ["updated_at", "2023-01-22 21:47:04.830238"]]
  [1m[36mTRANSACTION (2.3ms)[0m  [1m[35mCOMMIT[0m
Started GET "/tasks" for 127.0.0.1 at 2023-01-22 14:52:38 -0700
  [1m[36mActiveRecord::SchemaMigration Pluck (0.6ms)[0m  [1m[34mSELECT "schema_migrations"."version" FROM "schema_migrations" ORDER BY "schema_migrations"."version" ASC[0m
Processing by TasksController#index as */*
  [1m[36mTask Load (0.5ms)[0m  [1m[34mSELECT "tasks".* FROM "tasks"[0m
  ↳ app/controllers/tasks_controller.rb:5:in `index'
[active_model_serializers] Rendered ActiveModel::Serializer::CollectionSerializer with ActiveModelSerializers::Adapter::Attributes (0.68ms)
Completed 200 OK in 68ms (Views: 44.1ms | ActiveRecord: 4.1ms | Allocations: 40400)


Started GET "/tasks" for 127.0.0.1 at 2023-01-22 14:52:38 -0700
Processing by TasksController#index as */*
  [1m[36mTask Load (0.4ms)[0m  [1m[34mSELECT "tasks".* FROM "tasks"[0m
  ↳ app/controllers/tasks_controller.rb:5:in `index'
[active_model_serializers] Rendered ActiveModel::Serializer::CollectionSerializer with ActiveModelSerializers::Adapter::Attributes (0.93ms)
Completed 200 OK in 6ms (Views: 5.2ms | ActiveRecord: 0.4ms | Allocations: 1194)


Started POST "/tasks" for 127.0.0.1 at 2023-01-22 14:52:44 -0700
Processing by TasksController#create as JSON
  Parameters: {"title"=>"test", "priority"=>"low", "due_date"=>"2023-01-03", "completed"=>false, "task"=>{"title"=>"test", "due_date"=>"2023-01-03", "completed"=>false, "priority"=>"low"}}
[31mUnpermitted parameter: :task. Context: { controller: TasksController, action: create, request: #<ActionDispatch::Request:0x00007f9ff8a58580>, params: {"title"=>"test", "priority"=>"low", "due_date"=>"2023-01-03", "completed"=>false, "controller"=>"tasks", "action"=>"create", "task"=>{"title"=>"test", "due_date"=>"2023-01-03", "completed"=>false, "priority"=>"low"}} }[0m
  [1m[36mTRANSACTION (0.8ms)[0m  [1m[35mBEGIN[0m
  ↳ app/controllers/tasks_controller.rb:21:in `create'
  [1m[36mTask Create (1.3ms)[0m  [1m[32mINSERT INTO "tasks" ("title", "due_date", "completed", "priority", "created_at", "updated_at") VALUES ($1, $2, $3, $4, $5, $6) RETURNING "id"[0m  [["title", "test"], ["due_date", "2023-01-03"], ["completed", false], ["priority", "low"], ["created_at", "2023-01-22 21:52:44.567952"], ["updated_at", "2023-01-22 21:52:44.567952"]]
  ↳ app/controllers/tasks_controller.rb:21:in `create'
  [1m[36mTRANSACTION (4.3ms)[0m  [1m[35mCOMMIT[0m
  ↳ app/controllers/tasks_controller.rb:21:in `create'
[active_model_serializers] Rendered TaskSerializer with ActiveModelSerializers::Adapter::Attributes (0.86ms)
Completed 201 Created in 28ms (Views: 2.2ms | ActiveRecord: 6.4ms | Allocations: 2288)


Started DELETE "/tasks/4" for 127.0.0.1 at 2023-01-22 14:52:46 -0700
Processing by TasksController#destroy as */*
  Parameters: {"id"=>"4"}
  [1m[36mTask Load (1.3ms)[0m  [1m[34mSELECT "tasks".* FROM "tasks" WHERE "tasks"."id" = $1 LIMIT $2[0m  [["id", 4], ["LIMIT", 1]]
  ↳ app/controllers/tasks_controller.rb:15:in `destroy'
  [1m[36mTRANSACTION (0.9ms)[0m  [1m[35mBEGIN[0m
  ↳ app/controllers/tasks_controller.rb:16:in `destroy'
  [1m[36mTask Destroy (1.1ms)[0m  [1m[31mDELETE FROM "tasks" WHERE "tasks"."id" = $1[0m  [["id", 4]]
  ↳ app/controllers/tasks_controller.rb:16:in `destroy'
  [1m[36mTRANSACTION (3.7ms)[0m  [1m[35mCOMMIT[0m
  ↳ app/controllers/tasks_controller.rb:16:in `destroy'
[active_model_serializers] Rendered TaskSerializer with ActiveModelSerializers::Adapter::Attributes (3.13ms)
Completed 200 OK in 48ms (Views: 5.6ms | ActiveRecord: 7.9ms | Allocations: 2669)


Started GET "/tasks" for 127.0.0.1 at 2023-01-22 14:56:09 -0700
  [1m[36mActiveRecord::SchemaMigration Pluck (0.5ms)[0m  [1m[34mSELECT "schema_migrations"."version" FROM "schema_migrations" ORDER BY "schema_migrations"."version" ASC[0m
Processing by TasksController#index as */*
  [1m[36mTask Load (0.7ms)[0m  [1m[34mSELECT "tasks".* FROM "tasks"[0m
  ↳ app/controllers/tasks_controller.rb:5:in `index'
[active_model_serializers] Rendered ActiveModel::Serializer::CollectionSerializer with ActiveModelSerializers::Adapter::Attributes (0.54ms)
Completed 200 OK in 38ms (Views: 19.2ms | ActiveRecord: 5.9ms | Allocations: 38746)


Started GET "/tasks" for 127.0.0.1 at 2023-01-22 14:56:09 -0700
Processing by TasksController#index as */*
  [1m[36mTask Load (0.3ms)[0m  [1m[34mSELECT "tasks".* FROM "tasks"[0m
  ↳ app/controllers/tasks_controller.rb:5:in `index'
[active_model_serializers] Rendered ActiveModel::Serializer::CollectionSerializer with ActiveModelSerializers::Adapter::Attributes (0.45ms)
Completed 200 OK in 3ms (Views: 2.2ms | ActiveRecord: 0.3ms | Allocations: 1194)


Started DELETE "/tasks/2" for 127.0.0.1 at 2023-01-22 14:56:11 -0700
Processing by TasksController#destroy as */*
  Parameters: {"id"=>"2"}
  [1m[36mTask Load (1.0ms)[0m  [1m[34mSELECT "tasks".* FROM "tasks" WHERE "tasks"."id" = $1 LIMIT $2[0m  [["id", 2], ["LIMIT", 1]]
  ↳ app/controllers/tasks_controller.rb:15:in `destroy'
  [1m[36mTRANSACTION (0.7ms)[0m  [1m[35mBEGIN[0m
  ↳ app/controllers/tasks_controller.rb:16:in `destroy'
  [1m[36mTask Destroy (1.0ms)[0m  [1m[31mDELETE FROM "tasks" WHERE "tasks"."id" = $1[0m  [["id", 2]]
  ↳ app/controllers/tasks_controller.rb:16:in `destroy'
  [1m[36mTRANSACTION (5.3ms)[0m  [1m[35mCOMMIT[0m
  ↳ app/controllers/tasks_controller.rb:16:in `destroy'
[active_model_serializers] Rendered TaskSerializer with ActiveModelSerializers::Adapter::Attributes (0.74ms)
Completed 200 OK in 29ms (Views: 2.2ms | ActiveRecord: 8.7ms | Allocations: 2735)


Started POST "/tasks" for 127.0.0.1 at 2023-01-22 14:56:18 -0700
Processing by TasksController#create as JSON
  Parameters: {"title"=>"try", "priority"=>"low", "due_date"=>"2023-01-11", "completed"=>false, "task"=>{"title"=>"try", "due_date"=>"2023-01-11", "completed"=>false, "priority"=>"low"}}
[31mUnpermitted parameter: :task. Context: { controller: TasksController, action: create, request: #<ActionDispatch::Request:0x00007fbbf800cf60>, params: {"title"=>"try", "priority"=>"low", "due_date"=>"2023-01-11", "completed"=>false, "controller"=>"tasks", "action"=>"create", "task"=>{"title"=>"try", "due_date"=>"2023-01-11", "completed"=>false, "priority"=>"low"}} }[0m
  [1m[36mTRANSACTION (1.0ms)[0m  [1m[35mBEGIN[0m
  ↳ app/controllers/tasks_controller.rb:21:in `create'
  [1m[36mTask Create (1.9ms)[0m  [1m[32mINSERT INTO "tasks" ("title", "due_date", "completed", "priority", "created_at", "updated_at") VALUES ($1, $2, $3, $4, $5, $6) RETURNING "id"[0m  [["title", "try"], ["due_date", "2023-01-11"], ["completed", false], ["priority", "low"], ["created_at", "2023-01-22 21:56:18.301309"], ["updated_at", "2023-01-22 21:56:18.301309"]]
  ↳ app/controllers/tasks_controller.rb:21:in `create'
  [1m[36mTRANSACTION (6.0ms)[0m  [1m[35mCOMMIT[0m
  ↳ app/controllers/tasks_controller.rb:21:in `create'
[active_model_serializers] Rendered TaskSerializer with ActiveModelSerializers::Adapter::Attributes (0.9ms)
Completed 201 Created in 29ms (Views: 2.5ms | ActiveRecord: 8.9ms | Allocations: 2222)


Started DELETE "/tasks/5" for 127.0.0.1 at 2023-01-22 14:56:20 -0700
Processing by TasksController#destroy as */*
  Parameters: {"id"=>"5"}
  [1m[36mTask Load (1.1ms)[0m  [1m[34mSELECT "tasks".* FROM "tasks" WHERE "tasks"."id" = $1 LIMIT $2[0m  [["id", 5], ["LIMIT", 1]]
  ↳ app/controllers/tasks_controller.rb:15:in `destroy'
  [1m[36mTRANSACTION (0.8ms)[0m  [1m[35mBEGIN[0m
  ↳ app/controllers/tasks_controller.rb:16:in `destroy'
  [1m[36mTask Destroy (1.5ms)[0m  [1m[31mDELETE FROM "tasks" WHERE "tasks"."id" = $1[0m  [["id", 5]]
  ↳ app/controllers/tasks_controller.rb:16:in `destroy'
  [1m[36mTRANSACTION (5.2ms)[0m  [1m[35mCOMMIT[0m
  ↳ app/controllers/tasks_controller.rb:16:in `destroy'
[active_model_serializers] Rendered TaskSerializer with ActiveModelSerializers::Adapter::Attributes (0.88ms)
Completed 200 OK in 25ms (Views: 2.3ms | ActiveRecord: 8.6ms | Allocations: 2012)


Started GET "/tasks" for 127.0.0.1 at 2023-01-22 14:56:21 -0700
Processing by TasksController#index as */*
  [1m[36mTask Load (0.4ms)[0m  [1m[34mSELECT "tasks".* FROM "tasks"[0m
  ↳ app/controllers/tasks_controller.rb:5:in `index'
[active_model_serializers] Rendered ActiveModel::Serializer::CollectionSerializer with ActiveModelSerializers::Adapter::Attributes (0.38ms)
Completed 200 OK in 3ms (Views: 2.5ms | ActiveRecord: 0.4ms | Allocations: 1040)


Started GET "/tasks" for 127.0.0.1 at 2023-01-22 14:56:21 -0700
Processing by TasksController#index as */*
  [1m[36mTask Load (0.4ms)[0m  [1m[34mSELECT "tasks".* FROM "tasks"[0m
  ↳ app/controllers/tasks_controller.rb:5:in `index'
[active_model_serializers] Rendered ActiveModel::Serializer::CollectionSerializer with ActiveModelSerializers::Adapter::Attributes (0.47ms)
Completed 200 OK in 3ms (Views: 2.5ms | ActiveRecord: 0.4ms | Allocations: 1040)


